# JRE version: OpenJDK Runtime Environment (17.0.11) (build 17.0.11+0--11852314)
# Java VM: OpenJDK 64-Bit Server VM (17.0.11+0--11852314, mixed mode, tiered, compressed oops, compressed class ptrs, g1 gc, windows-amd64)
GC Precious Log:
 CPUs: 2 total, 2 available
 Memory: 7954M
 Large Page Support: Disabled
 NUMA Support: Disabled
 Compressed Oops: Enabled (32-bit)
 Heap Region Size: 1M
 Heap Min Capacity: 8M
 Heap Initial Capacity: 126M
 Heap Max Capacity: 1990M
 Pre-touch: Disabled
 Parallel Workers: 2
 Concurrent Workers: 1
 Concurrent Refinement Workers: 2
 Periodic GC: Disabled
Heap:
 garbage-first heap   total 212992K, used 143907K [0x0000000083a00000, 0x0000000100000000)
  region size 1024K, 86 young (88064K), 12 survivors (12288K)
 Metaspace       used 58766K, committed 59008K, reserved 1114112K
  class space    used 6544K, committed 6656K, reserved 1048576K
GC Heap History (20 events):
Event: 56.365 GC heap before
{Heap before GC invocations=35 (full 0):
 garbage-first heap   total 68608K, used 44560K [0x0000000083a00000, 0x0000000100000000)
  region size 1024K, 10 young (10240K), 2 survivors (2048K)
 Metaspace       used 43403K, committed 43648K, reserved 1114112K
  class space    used 5164K, committed 5248K, reserved 1048576K
}
Event: 56.375 GC heap after
{Heap after GC invocations=36 (full 0):
 garbage-first heap   total 68608K, used 36976K [0x0000000083a00000, 0x0000000100000000)
  region size 1024K, 1 young (1024K), 1 survivors (1024K)
 Metaspace       used 43403K, committed 43648K, reserved 1114112K
  class space    used 5164K, committed 5248K, reserved 1048576K
}
Event: 62.501 GC heap before
{Heap before GC invocations=36 (full 0):
 garbage-first heap   total 68608K, used 51312K [0x0000000083a00000, 0x0000000100000000)
  region size 1024K, 16 young (16384K), 1 survivors (1024K)
 Metaspace       used 45893K, committed 46144K, reserved 1114112K
  class space    used 5465K, committed 5568K, reserved 1048576K
}
Event: 62.509 GC heap after
{Heap after GC invocations=37 (full 0):
 garbage-first heap   total 68608K, used 37937K [0x0000000083a00000, 0x0000000100000000)
  region size 1024K, 2 young (2048K), 2 survivors (2048K)
 Metaspace       used 45893K, committed 46144K, reserved 1114112K
  class space    used 5465K, committed 5568K, reserved 1048576K
}
Event: 68.811 GC heap before
{Heap before GC invocations=38 (full 0):
 garbage-first heap   total 68608K, used 51886K [0x0000000083a00000, 0x0000000100000000)
  region size 1024K, 17 young (17408K), 2 survivors (2048K)
 Metaspace       used 48722K, committed 48960K, reserved 1114112K
  class space    used 5815K, committed 5888K, reserved 1048576K
}
Event: 68.830 GC heap after
{Heap after GC invocations=39 (full 0):
 garbage-first heap   total 68608K, used 39236K [0x0000000083a00000, 0x0000000100000000)
  region size 1024K, 3 young (3072K), 3 survivors (3072K)
 Metaspace       used 48722K, committed 48960K, reserved 1114112K
  class space    used 5815K, committed 5888K, reserved 1048576K
}
Event: 69.290 GC heap before
{Heap before GC invocations=39 (full 0):
 garbage-first heap   total 68608K, used 39236K [0x0000000083a00000, 0x0000000100000000)
  region size 1024K, 4 young (4096K), 3 survivors (3072K)
 Metaspace       used 49098K, committed 49344K, reserved 1114112K
  class space    used 5868K, committed 5952K, reserved 1048576K
}
Event: 69.300 GC heap after
{Heap after GC invocations=40 (full 0):
 garbage-first heap   total 68608K, used 39128K [0x0000000083a00000, 0x0000000100000000)
  region size 1024K, 1 young (1024K), 1 survivors (1024K)
 Metaspace       used 49098K, committed 49344K, reserved 1114112K
  class space    used 5868K, committed 5952K, reserved 1048576K
}
Event: 70.998 GC heap before
{Heap before GC invocations=40 (full 0):
 garbage-first heap   total 68608K, used 55512K [0x0000000083a00000, 0x0000000100000000)
  region size 1024K, 15 young (15360K), 1 survivors (1024K)
 Metaspace       used 49603K, committed 49856K, reserved 1114112K
  class space    used 5914K, committed 6016K, reserved 1048576K
}
Event: 71.006 GC heap after
{Heap after GC invocations=41 (full 0):
 garbage-first heap   total 68608K, used 42552K [0x0000000083a00000, 0x0000000100000000)
  region size 1024K, 2 young (2048K), 2 survivors (2048K)
 Metaspace       used 49603K, committed 49856K, reserved 1114112K
  class space    used 5914K, committed 6016K, reserved 1048576K
}
Event: 72.750 GC heap before
{Heap before GC invocations=42 (full 0):
 garbage-first heap   total 73728K, used 54840K [0x0000000083a00000, 0x0000000100000000)
  region size 1024K, 14 young (14336K), 2 survivors (2048K)
 Metaspace       used 49603K, committed 49856K, reserved 1114112K
  class space    used 5914K, committed 6016K, reserved 1048576K
}
Event: 72.759 GC heap after
{Heap after GC invocations=43 (full 0):
 garbage-first heap   total 73728K, used 43760K [0x0000000083a00000, 0x0000000100000000)
  region size 1024K, 2 young (2048K), 2 survivors (2048K)
 Metaspace       used 49603K, committed 49856K, reserved 1114112K
  class space    used 5914K, committed 6016K, reserved 1048576K
}
Event: 72.942 GC heap before
{Heap before GC invocations=43 (full 0):
 garbage-first heap   total 73728K, used 43760K [0x0000000083a00000, 0x0000000100000000)
  region size 1024K, 3 young (3072K), 2 survivors (2048K)
 Metaspace       used 49603K, committed 49856K, reserved 1114112K
  class space    used 5914K, committed 6016K, reserved 1048576K
}
Event: 72.947 GC heap after
{Heap after GC invocations=44 (full 0):
 garbage-first heap   total 73728K, used 43223K [0x0000000083a00000, 0x0000000100000000)
  region size 1024K, 1 young (1024K), 1 survivors (1024K)
 Metaspace       used 49603K, committed 49856K, reserved 1114112K
  class space    used 5914K, committed 6016K, reserved 1048576K
}
Event: 75.889 GC heap before
{Heap before GC invocations=44 (full 0):
 garbage-first heap   total 73728K, used 58583K [0x0000000083a00000, 0x0000000100000000)
  region size 1024K, 16 young (16384K), 1 survivors (1024K)
 Metaspace       used 49603K, committed 49856K, reserved 1114112K
  class space    used 5914K, committed 6016K, reserved 1048576K
}
Event: 75.896 GC heap after
{Heap after GC invocations=45 (full 0):
 garbage-first heap   total 212992K, used 44333K [0x0000000083a00000, 0x0000000100000000)
  region size 1024K, 2 young (2048K), 2 survivors (2048K)
 Metaspace       used 49603K, committed 49856K, reserved 1114112K
  class space    used 5914K, committed 6016K, reserved 1048576K
}
Event: 86.050 GC heap before
{Heap before GC invocations=45 (full 0):
 garbage-first heap   total 212992K, used 150829K [0x0000000083a00000, 0x0000000100000000)
  region size 1024K, 106 young (108544K), 2 survivors (2048K)
 Metaspace       used 52849K, committed 53056K, reserved 1114112K
  class space    used 6199K, committed 6272K, reserved 1048576K
}
Event: 86.111 GC heap after
{Heap after GC invocations=46 (full 0):
 garbage-first heap   total 212992K, used 58470K [0x0000000083a00000, 0x0000000100000000)
  region size 1024K, 14 young (14336K), 14 survivors (14336K)
 Metaspace       used 52849K, committed 53056K, reserved 1114112K
  class space    used 6199K, committed 6272K, reserved 1048576K
}
Event: 97.984 GC heap before
{Heap before GC invocations=46 (full 0):
 garbage-first heap   total 212992K, used 143462K [0x0000000083a00000, 0x0000000100000000)
  region size 1024K, 96 young (98304K), 14 survivors (14336K)
 Metaspace       used 57058K, committed 57280K, reserved 1114112K
  class space    used 6507K, committed 6592K, reserved 1048576K
}
Event: 98.048 GC heap after
{Heap after GC invocations=47 (full 0):
 garbage-first heap   total 212992K, used 69155K [0x0000000083a00000, 0x0000000100000000)
  region size 1024K, 12 young (12288K), 12 survivors (12288K)
 Metaspace       used 57058K, committed 57280K, reserved 1114112K
  class space    used 6507K, committed 6592K, reserved 1048576K
}

